[17:09:20] [Server thread/INFO]: Starting minecraft server version 1.8.3
[17:09:20] [Server thread/INFO]: Loading properties
[17:09:20] [Server thread/INFO]: Default game type: SURVIVAL
[17:09:21] [Server thread/INFO]: This server is running CraftBukkit version git-Spigot-0b997a9-30d751b (MC: 1.8.3) (Implementing API version 1.8.3-R0.1-SNAPSHOT)
[17:09:22] [Server thread/INFO]: Debug logging is disabled
[17:09:22] [Server thread/INFO]: Using 4 threads for Netty based IO
[17:09:22] [Server thread/INFO]: Server Ping Player Sample Count: 12
[17:09:22] [Server thread/INFO]: Generating keypair
[17:09:22] [Server thread/INFO]: Starting Minecraft server on *:25577
[17:09:22] [Server thread/INFO]: Using default channel type
[17:09:24] [Server thread/WARN]: **** SERVER IS RUNNING IN OFFLINE/INSECURE MODE!
[17:09:24] [Server thread/WARN]: The server will make no attempt to authenticate usernames. Beware.
[17:09:24] [Server thread/WARN]: While this makes the game possible to play without internet access, it also opens up the ability for hackers to connect with any username they choose.
[17:09:24] [Server thread/WARN]: To change this, set "online-mode" to "true" in the server.properties file.
[17:09:24] [Server thread/INFO]: **** Beginning UUID conversion, this may take A LONG time ****
[17:09:24] [Server thread/INFO]: Preparing level "world"
[17:09:24] [Server thread/INFO]: -------- World Settings For [world] --------
[17:09:24] [Server thread/INFO]: Item Despawn Rate: 6000
[17:09:24] [Server thread/INFO]: Item Merge Radius: 2.5
[17:09:24] [Server thread/INFO]: Chunks to Grow per Tick: 650
[17:09:24] [Server thread/INFO]: Clear tick list: false
[17:09:24] [Server thread/INFO]: Experience Merge Radius: 3.0
[17:09:24] [Server thread/INFO]: Arrow Despawn Rate: 1200
[17:09:24] [Server thread/INFO]: Allow Zombie Pigmen to spawn from portal blocks: true
[17:09:24] [Server thread/INFO]: Structure Info Saving: true
[17:09:24] [Server thread/INFO]: Random Lighting Updates: false
[17:09:24] [Server thread/INFO]: Hopper Transfer: 8 Hopper Check: 8 Hopper Amount: 1
[17:09:24] [Server thread/INFO]: Sending up to 10 chunks per packet
[17:09:24] [Server thread/INFO]: Mob Spawn Range: 4
[17:09:24] [Server thread/INFO]: Anti X-Ray: true
[17:09:24] [Server thread/INFO]: 	Engine Mode: 1
[17:09:24] [Server thread/INFO]: 	Hidden Blocks: [14, 15, 16, 21, 48, 49, 54, 56, 73, 74, 82, 129, 130]
[17:09:24] [Server thread/INFO]: 	Replace Blocks: [1, 5]
[17:09:24] [Server thread/INFO]: Nerfing mobs spawned from spawners: false
[17:09:24] [Server thread/INFO]: Cactus Growth Modifier: 100%
[17:09:24] [Server thread/INFO]: Cane Growth Modifier: 100%
[17:09:24] [Server thread/INFO]: Melon Growth Modifier: 100%
[17:09:24] [Server thread/INFO]: Mushroom Growth Modifier: 100%
[17:09:24] [Server thread/INFO]: Pumpkin Growth Modifier: 100%
[17:09:24] [Server thread/INFO]: Sapling Growth Modifier: 100%
[17:09:24] [Server thread/INFO]: Wheat Growth Modifier: 100%
[17:09:24] [Server thread/INFO]: Max TNT Explosions: 100
[17:09:24] [Server thread/INFO]: Tile Max Tick Time: 50ms Entity max Tick Time: 50ms
[17:09:24] [Server thread/INFO]: Entity Activation Range: An 32 / Mo 32 / Mi 16
[17:09:24] [Server thread/INFO]: Entity Tracking Range: Pl 48 / An 48 / Mo 48 / Mi 32 / Other 64
[17:09:24] [Server thread/INFO]: Custom Map Seeds:  Village: 10387312 Feature: 14357617
[17:09:24] [Server thread/INFO]: Max Entity Collisions: 8
[17:09:24] [Server thread/INFO]: View Distance: 10
[17:09:24] [Server thread/INFO]: Zombie Aggressive Towards Villager: true
[17:09:25] [Server thread/INFO]: -------- World Settings For [world_nether] --------
[17:09:25] [Server thread/INFO]: Item Despawn Rate: 6000
[17:09:25] [Server thread/INFO]: Item Merge Radius: 2.5
[17:09:25] [Server thread/INFO]: Chunks to Grow per Tick: 650
[17:09:25] [Server thread/INFO]: Clear tick list: false
[17:09:25] [Server thread/INFO]: Experience Merge Radius: 3.0
[17:09:25] [Server thread/INFO]: Arrow Despawn Rate: 1200
[17:09:25] [Server thread/INFO]: Allow Zombie Pigmen to spawn from portal blocks: true
[17:09:25] [Server thread/INFO]: Structure Info Saving: true
[17:09:25] [Server thread/INFO]: Random Lighting Updates: false
[17:09:25] [Server thread/INFO]: Hopper Transfer: 8 Hopper Check: 8 Hopper Amount: 1
[17:09:25] [Server thread/INFO]: Sending up to 10 chunks per packet
[17:09:25] [Server thread/INFO]: Mob Spawn Range: 4
[17:09:25] [Server thread/INFO]: Anti X-Ray: true
[17:09:25] [Server thread/INFO]: 	Engine Mode: 1
[17:09:25] [Server thread/INFO]: 	Hidden Blocks: [14, 15, 16, 21, 48, 49, 54, 56, 73, 74, 82, 129, 130]
[17:09:25] [Server thread/INFO]: 	Replace Blocks: [1, 5]
[17:09:25] [Server thread/INFO]: Nerfing mobs spawned from spawners: false
[17:09:25] [Server thread/INFO]: Cactus Growth Modifier: 100%
[17:09:25] [Server thread/INFO]: Cane Growth Modifier: 100%
[17:09:25] [Server thread/INFO]: Melon Growth Modifier: 100%
[17:09:25] [Server thread/INFO]: Mushroom Growth Modifier: 100%
[17:09:25] [Server thread/INFO]: Pumpkin Growth Modifier: 100%
[17:09:25] [Server thread/INFO]: Sapling Growth Modifier: 100%
[17:09:25] [Server thread/INFO]: Wheat Growth Modifier: 100%
[17:09:25] [Server thread/INFO]: Max TNT Explosions: 100
[17:09:25] [Server thread/INFO]: Tile Max Tick Time: 50ms Entity max Tick Time: 50ms
[17:09:25] [Server thread/INFO]: Entity Activation Range: An 32 / Mo 32 / Mi 16
[17:09:25] [Server thread/INFO]: Entity Tracking Range: Pl 48 / An 48 / Mo 48 / Mi 32 / Other 64
[17:09:25] [Server thread/INFO]: Custom Map Seeds:  Village: 10387312 Feature: 14357617
[17:09:25] [Server thread/INFO]: Max Entity Collisions: 8
[17:09:25] [Server thread/INFO]: View Distance: 10
[17:09:25] [Server thread/INFO]: Zombie Aggressive Towards Villager: true
[17:09:25] [Server thread/INFO]: -------- World Settings For [world_the_end] --------
[17:09:25] [Server thread/INFO]: Item Despawn Rate: 6000
[17:09:25] [Server thread/INFO]: Item Merge Radius: 2.5
[17:09:25] [Server thread/INFO]: Chunks to Grow per Tick: 650
[17:09:25] [Server thread/INFO]: Clear tick list: false
[17:09:25] [Server thread/INFO]: Experience Merge Radius: 3.0
[17:09:25] [Server thread/INFO]: Arrow Despawn Rate: 1200
[17:09:25] [Server thread/INFO]: Allow Zombie Pigmen to spawn from portal blocks: true
[17:09:25] [Server thread/INFO]: Structure Info Saving: true
[17:09:25] [Server thread/INFO]: Random Lighting Updates: false
[17:09:25] [Server thread/INFO]: Hopper Transfer: 8 Hopper Check: 8 Hopper Amount: 1
[17:09:25] [Server thread/INFO]: Sending up to 10 chunks per packet
[17:09:25] [Server thread/INFO]: Mob Spawn Range: 4
[17:09:25] [Server thread/INFO]: Anti X-Ray: true
[17:09:25] [Server thread/INFO]: 	Engine Mode: 1
[17:09:25] [Server thread/INFO]: 	Hidden Blocks: [14, 15, 16, 21, 48, 49, 54, 56, 73, 74, 82, 129, 130]
[17:09:25] [Server thread/INFO]: 	Replace Blocks: [1, 5]
[17:09:25] [Server thread/INFO]: Nerfing mobs spawned from spawners: false
[17:09:25] [Server thread/INFO]: Cactus Growth Modifier: 100%
[17:09:25] [Server thread/INFO]: Cane Growth Modifier: 100%
[17:09:25] [Server thread/INFO]: Melon Growth Modifier: 100%
[17:09:25] [Server thread/INFO]: Mushroom Growth Modifier: 100%
[17:09:25] [Server thread/INFO]: Pumpkin Growth Modifier: 100%
[17:09:25] [Server thread/INFO]: Sapling Growth Modifier: 100%
[17:09:25] [Server thread/INFO]: Wheat Growth Modifier: 100%
[17:09:25] [Server thread/INFO]: Max TNT Explosions: 100
[17:09:25] [Server thread/INFO]: Tile Max Tick Time: 50ms Entity max Tick Time: 50ms
[17:09:25] [Server thread/INFO]: Entity Activation Range: An 32 / Mo 32 / Mi 16
[17:09:25] [Server thread/INFO]: Entity Tracking Range: Pl 48 / An 48 / Mo 48 / Mi 32 / Other 64
[17:09:25] [Server thread/INFO]: Custom Map Seeds:  Village: 10387312 Feature: 14357617
[17:09:25] [Server thread/INFO]: Max Entity Collisions: 8
[17:09:25] [Server thread/INFO]: View Distance: 10
[17:09:25] [Server thread/INFO]: Zombie Aggressive Towards Villager: true
[17:09:25] [Server thread/INFO]: Preparing start region for level 0 (Seed: 6073528036394313676)
[17:09:26] [Server thread/INFO]: Preparing spawn area: 37%
[17:09:26] [Server thread/INFO]: Preparing start region for level 1 (Seed: 6073528036394313676)
[17:09:27] [Server thread/INFO]: Preparing spawn area: 95%
[17:09:27] [Server thread/INFO]: Preparing start region for level 2 (Seed: 6073528036394313676)
[17:09:27] [Server thread/INFO]: Server permissions file permissions.yml is empty, ignoring it
[17:09:28] [Server thread/INFO]: Done (3.485s)! For help, type "help" or "?"
[17:10:07] [Netty Server IO #1/INFO]: UUID of player luke0518 is fdddeb64-0e31-3cec-a9aa-2fe33fe1bcf8
[17:10:07] [Server thread/INFO]: luke0518[/127.0.0.1:61810] logged in with entity id 116 at ([world]27.5, 62.0, -6.5)
[17:12:17] [Server thread/INFO]: luke0518 lost connection: Disconnected
[17:12:19] [Server thread/INFO]: luke0518 left the game.
